<?xml version="1.0" encoding="UTF-8"?>
<!-- Generated by org.testng.reporters.JUnitReportReporter -->
<testsuite hostname="ASDA1704PO02529" name="Appium_test.AppTest" tests="1" failures="0" timestamp="30 Jul 2019 06:06:46 GMT" time="20.050" errors="0">
  <testcase name="TestChromeLaunch" time="20.050" classname="Appium_test.AppTest"/>
</testsuite> <!-- Appium_test.AppTest -->
